<?xml version="1.0" encoding="UTF-8"?>
<!-- Generated by org.testng.reporters.JUnitReportReporter -->
<testsuite skipped="0" hostname="TL1074" name="runner.LoginPage" tests="2" failures="0" timestamp="2022-12-18T10:49:21 IST" time="12.398" errors="0">
  <testcase name="runScenario" time="4.862" classname="runner.LoginPage"/>
  <system-out/>
  <testcase name="runScenario" time="7.536" classname="runner.LoginPage"/>
  <system-out/>
</testsuite> <!-- runner.LoginPage -->
